0 info it worked if it ends with ok
1 verbose cli [ '/usr/local/Cellar/node/6.4.0/bin/node',
1 verbose cli   '/usr/local/bin/npm',
1 verbose cli   'run',
1 verbose cli   'doc:once' ]
2 info using npm@3.10.8
3 info using node@v6.4.0
4 verbose run-script [ 'predoc:once', 'doc:once', 'postdoc:once' ]
5 info lifecycle client@1.0.0~predoc:once: client@1.0.0
6 silly lifecycle client@1.0.0~predoc:once: no script for predoc:once, continuing
7 info lifecycle client@1.0.0~doc:once: client@1.0.0
8 verbose lifecycle client@1.0.0~doc:once: unsafe-perm in lifecycle true
9 verbose lifecycle client@1.0.0~doc:once: PATH: /usr/local/lib/node_modules/npm/bin/node-gyp-bin:/Users/Leon/Development/seamless/client/node_modules/.bin:/usr/local/Cellar/node/6.4.0/bin:/usr/local/bin:/usr/bin:/bin:/usr/sbin:/sbin:/Users/leon/library/android/sdk/platform-tools:/Users/leon/library/android/sdk/tools
10 verbose lifecycle client@1.0.0~doc:once: CWD: /Users/Leon/Development/seamless/client
11 silly lifecycle client@1.0.0~doc:once: Args: [ '-c', 'node ./tools/doc/once' ]
12 silly lifecycle client@1.0.0~doc:once: Returned: code: 1  signal: null
13 info lifecycle client@1.0.0~doc:once: Failed to exec doc:once script
14 verbose stack Error: client@1.0.0 doc:once: `node ./tools/doc/once`
14 verbose stack Exit status 1
14 verbose stack     at EventEmitter.<anonymous> (/usr/local/lib/node_modules/npm/lib/utils/lifecycle.js:255:16)
14 verbose stack     at emitTwo (events.js:106:13)
14 verbose stack     at EventEmitter.emit (events.js:191:7)
14 verbose stack     at ChildProcess.<anonymous> (/usr/local/lib/node_modules/npm/lib/utils/spawn.js:40:14)
14 verbose stack     at emitTwo (events.js:106:13)
14 verbose stack     at ChildProcess.emit (events.js:191:7)
14 verbose stack     at maybeClose (internal/child_process.js:852:16)
14 verbose stack     at Process.ChildProcess._handle.onexit (internal/child_process.js:215:5)
15 verbose pkgid client@1.0.0
16 verbose cwd /Users/Leon/Development/seamless/client
17 error Darwin 15.6.0
18 error argv "/usr/local/Cellar/node/6.4.0/bin/node" "/usr/local/bin/npm" "run" "doc:once"
19 error node v6.4.0
20 error npm  v3.10.8
21 error code ELIFECYCLE
22 error client@1.0.0 doc:once: `node ./tools/doc/once`
22 error Exit status 1
23 error Failed at the client@1.0.0 doc:once script 'node ./tools/doc/once'.
23 error Make sure you have the latest version of node.js and npm installed.
23 error If you do, this is most likely a problem with the client package,
23 error not with npm itself.
23 error Tell the author that this fails on your system:
23 error     node ./tools/doc/once
23 error You can get information on how to open an issue for this project with:
23 error     npm bugs client
23 error Or if that isn't available, you can get their info via:
23 error     npm owner ls client
23 error There is likely additional logging output above.
24 verbose exit [ 1, true ]
